[2023-06-13 21:32:31] local.ERROR: include(C:\laragon\www\findhouse\vendor\composer/../../themes/BC/ThemeProvider.php): Failed to open stream: No such file or directory {"exception":"[object] (ErrorException(code: 0): include(C:\\laragon\\www\\findhouse\\vendor\\composer/../../themes/BC/ThemeProvider.php): Failed to open stream: No such file or directory at C:\\laragon\\www\\findhouse\\vendor\\composer\\ClassLoader.php:571)
[stacktrace]
#0 C:\\laragon\\www\\findhouse\\vendor\\laravel\\framework\\src\\Illuminate\\Foundation\\Bootstrap\\HandleExceptions.php(266): Illuminate\\Foundation\\Bootstrap\\HandleExceptions->handleError(2, 'include(C:\\\\lara...', 'C:\\\\laragon\\\\www\\\\...', 571)
#1 C:\\laragon\\www\\findhouse\\vendor\\composer\\ClassLoader.php(571): Illuminate\\Foundation\\Bootstrap\\HandleExceptions->Illuminate\\Foundation\\Bootstrap\\{closure}(2, 'include(C:\\\\lara...', 'C:\\\\laragon\\\\www\\\\...', 571)
#2 C:\\laragon\\www\\findhouse\\vendor\\composer\\ClassLoader.php(571): include('C:\\\\laragon\\\\www\\\\...')
#3 C:\\laragon\\www\\findhouse\\vendor\\composer\\ClassLoader.php(428): Composer\\Autoload\\includeFile('C:\\\\laragon\\\\www\\\\...')
#4 [internal function]: Composer\\Autoload\\ClassLoader->loadClass('Themes\\\\BC\\\\Theme...')
#5 C:\\laragon\\www\\findhouse\\themes\\ThemeServiceProvider.php(78): class_exists('\\\\Themes\\\\BC\\\\Them...')
#6 C:\\laragon\\www\\findhouse\\vendor\\laravel\\framework\\src\\Illuminate\\Foundation\\Application.php(687): Themes\\ThemeServiceProvider->register()
#7 C:\\laragon\\www\\findhouse\\vendor\\laravel\\framework\\src\\Illuminate\\Foundation\\ProviderRepository.php(75): Illuminate\\Foundation\\Application->register(Object(Themes\\ThemeServiceProvider))
#8 C:\\laragon\\www\\findhouse\\vendor\\laravel\\framework\\src\\Illuminate\\Foundation\\Application.php(664): Illuminate\\Foundation\\ProviderRepository->load(Array)
#9 C:\\laragon\\www\\findhouse\\vendor\\laravel\\framework\\src\\Illuminate\\Foundation\\Bootstrap\\RegisterProviders.php(17): Illuminate\\Foundation\\Application->registerConfiguredProviders()
#10 C:\\laragon\\www\\findhouse\\vendor\\laravel\\framework\\src\\Illuminate\\Foundation\\Application.php(242): Illuminate\\Foundation\\Bootstrap\\RegisterProviders->bootstrap(Object(Illuminate\\Foundation\\Application))
#11 C:\\laragon\\www\\findhouse\\vendor\\laravel\\framework\\src\\Illuminate\\Foundation\\Console\\Kernel.php(383): Illuminate\\Foundation\\Application->bootstrapWith(Array)
#12 C:\\laragon\\www\\findhouse\\vendor\\laravel\\framework\\src\\Illuminate\\Foundation\\Console\\Kernel.php(153): Illuminate\\Foundation\\Console\\Kernel->bootstrap()
#13 Command line code(1): Illuminate\\Foundation\\Console\\Kernel->handle(Object(Symfony\\Component\\Console\\Input\\ArgvInput), Object(Symfony\\Component\\Console\\Output\\ConsoleOutput))
#14 {main}
"} 
[2023-06-13 21:32:31] local.ERROR: include(C:\laragon\www\findhouse\vendor\composer/../../themes/BC/ThemeProvider.php): Failed to open stream: No such file or directory {"exception":"[object] (ErrorException(code: 0): include(C:\\laragon\\www\\findhouse\\vendor\\composer/../../themes/BC/ThemeProvider.php): Failed to open stream: No such file or directory at C:\\laragon\\www\\findhouse\\vendor\\composer\\ClassLoader.php:571)
[stacktrace]
#0 C:\\laragon\\www\\findhouse\\vendor\\laravel\\framework\\src\\Illuminate\\Foundation\\Bootstrap\\HandleExceptions.php(266): Illuminate\\Foundation\\Bootstrap\\HandleExceptions->handleError(2, 'include(C:\\\\lara...', 'C:\\\\laragon\\\\www\\\\...', 571)
#1 C:\\laragon\\www\\findhouse\\vendor\\composer\\ClassLoader.php(571): Illuminate\\Foundation\\Bootstrap\\HandleExceptions->Illuminate\\Foundation\\Bootstrap\\{closure}(2, 'include(C:\\\\lara...', 'C:\\\\laragon\\\\www\\\\...', 571)
#2 C:\\laragon\\www\\findhouse\\vendor\\composer\\ClassLoader.php(571): include('C:\\\\laragon\\\\www\\\\...')
#3 C:\\laragon\\www\\findhouse\\vendor\\composer\\ClassLoader.php(428): Composer\\Autoload\\includeFile('C:\\\\laragon\\\\www\\\\...')
#4 [internal function]: Composer\\Autoload\\ClassLoader->loadClass('Themes\\\\BC\\\\Theme...')
#5 C:\\laragon\\www\\findhouse\\themes\\ThemeServiceProvider.php(78): class_exists('\\\\Themes\\\\BC\\\\Them...')
#6 C:\\laragon\\www\\findhouse\\vendor\\laravel\\framework\\src\\Illuminate\\Foundation\\Application.php(687): Themes\\ThemeServiceProvider->register()
#7 C:\\laragon\\www\\findhouse\\vendor\\laravel\\framework\\src\\Illuminate\\Foundation\\ProviderRepository.php(75): Illuminate\\Foundation\\Application->register(Object(Themes\\ThemeServiceProvider))
#8 C:\\laragon\\www\\findhouse\\vendor\\laravel\\framework\\src\\Illuminate\\Foundation\\Application.php(664): Illuminate\\Foundation\\ProviderRepository->load(Array)
#9 C:\\laragon\\www\\findhouse\\vendor\\laravel\\framework\\src\\Illuminate\\Foundation\\Bootstrap\\RegisterProviders.php(17): Illuminate\\Foundation\\Application->registerConfiguredProviders()
#10 C:\\laragon\\www\\findhouse\\vendor\\laravel\\framework\\src\\Illuminate\\Foundation\\Application.php(242): Illuminate\\Foundation\\Bootstrap\\RegisterProviders->bootstrap(Object(Illuminate\\Foundation\\Application))
#11 C:\\laragon\\www\\findhouse\\vendor\\laravel\\framework\\src\\Illuminate\\Foundation\\Console\\Kernel.php(383): Illuminate\\Foundation\\Application->bootstrapWith(Array)
#12 C:\\laragon\\www\\findhouse\\vendor\\laravel\\framework\\src\\Illuminate\\Foundation\\Console\\Kernel.php(153): Illuminate\\Foundation\\Console\\Kernel->bootstrap()
#13 Command line code(1): Illuminate\\Foundation\\Console\\Kernel->handle(Object(Symfony\\Component\\Console\\Input\\ArgvInput), Object(Symfony\\Component\\Console\\Output\\ConsoleOutput))
#14 {main}
"} 
[2023-06-13 21:32:31] local.ERROR: include(C:\laragon\www\findhouse\vendor\composer/../../themes/BC/ThemeProvider.php): Failed to open stream: No such file or directory {"exception":"[object] (ErrorException(code: 0): include(C:\\laragon\\www\\findhouse\\vendor\\composer/../../themes/BC/ThemeProvider.php): Failed to open stream: No such file or directory at C:\\laragon\\www\\findhouse\\vendor\\composer\\ClassLoader.php:571)
[stacktrace]
#0 C:\\laragon\\www\\findhouse\\vendor\\laravel\\framework\\src\\Illuminate\\Foundation\\Bootstrap\\HandleExceptions.php(266): Illuminate\\Foundation\\Bootstrap\\HandleExceptions->handleError(2, 'include(C:\\\\lara...', 'C:\\\\laragon\\\\www\\\\...', 571)
#1 C:\\laragon\\www\\findhouse\\vendor\\composer\\ClassLoader.php(571): Illuminate\\Foundation\\Bootstrap\\HandleExceptions->Illuminate\\Foundation\\Bootstrap\\{closure}(2, 'include(C:\\\\lara...', 'C:\\\\laragon\\\\www\\\\...', 571)
#2 C:\\laragon\\www\\findhouse\\vendor\\composer\\ClassLoader.php(571): include('C:\\\\laragon\\\\www\\\\...')
#3 C:\\laragon\\www\\findhouse\\vendor\\composer\\ClassLoader.php(428): Composer\\Autoload\\includeFile('C:\\\\laragon\\\\www\\\\...')
#4 [internal function]: Composer\\Autoload\\ClassLoader->loadClass('Themes\\\\BC\\\\Theme...')
#5 C:\\laragon\\www\\findhouse\\themes\\ThemeServiceProvider.php(78): class_exists('\\\\Themes\\\\BC\\\\Them...')
#6 C:\\laragon\\www\\findhouse\\vendor\\laravel\\framework\\src\\Illuminate\\Foundation\\Application.php(687): Themes\\ThemeServiceProvider->register()
#7 C:\\laragon\\www\\findhouse\\vendor\\laravel\\framework\\src\\Illuminate\\Foundation\\ProviderRepository.php(75): Illuminate\\Foundation\\Application->register(Object(Themes\\ThemeServiceProvider))
#8 C:\\laragon\\www\\findhouse\\vendor\\laravel\\framework\\src\\Illuminate\\Foundation\\Application.php(664): Illuminate\\Foundation\\ProviderRepository->load(Array)
#9 C:\\laragon\\www\\findhouse\\vendor\\laravel\\framework\\src\\Illuminate\\Foundation\\Bootstrap\\RegisterProviders.php(17): Illuminate\\Foundation\\Application->registerConfiguredProviders()
#10 C:\\laragon\\www\\findhouse\\vendor\\laravel\\framework\\src\\Illuminate\\Foundation\\Application.php(242): Illuminate\\Foundation\\Bootstrap\\RegisterProviders->bootstrap(Object(Illuminate\\Foundation\\Application))
#11 C:\\laragon\\www\\findhouse\\vendor\\laravel\\framework\\src\\Illuminate\\Foundation\\Console\\Kernel.php(383): Illuminate\\Foundation\\Application->bootstrapWith(Array)
#12 C:\\laragon\\www\\findhouse\\vendor\\laravel\\framework\\src\\Illuminate\\Foundation\\Console\\Kernel.php(153): Illuminate\\Foundation\\Console\\Kernel->bootstrap()
#13 Command line code(1): Illuminate\\Foundation\\Console\\Kernel->handle(Object(Symfony\\Component\\Console\\Input\\ArgvInput), Object(Symfony\\Component\\Console\\Output\\ConsoleOutput))
#14 {main}
"} 
[2023-06-13 21:32:31] local.ERROR: include(C:\laragon\www\findhouse\vendor\composer/../../themes/BC/ThemeProvider.php): Failed to open stream: No such file or directory {"exception":"[object] (ErrorException(code: 0): include(C:\\laragon\\www\\findhouse\\vendor\\composer/../../themes/BC/ThemeProvider.php): Failed to open stream: No such file or directory at C:\\laragon\\www\\findhouse\\vendor\\composer\\ClassLoader.php:571)
[stacktrace]
#0 C:\\laragon\\www\\findhouse\\vendor\\laravel\\framework\\src\\Illuminate\\Foundation\\Bootstrap\\HandleExceptions.php(266): Illuminate\\Foundation\\Bootstrap\\HandleExceptions->handleError(2, 'include(C:\\\\lara...', 'C:\\\\laragon\\\\www\\\\...', 571)
#1 C:\\laragon\\www\\findhouse\\vendor\\composer\\ClassLoader.php(571): Illuminate\\Foundation\\Bootstrap\\HandleExceptions->Illuminate\\Foundation\\Bootstrap\\{closure}(2, 'include(C:\\\\lara...', 'C:\\\\laragon\\\\www\\\\...', 571)
#2 C:\\laragon\\www\\findhouse\\vendor\\composer\\ClassLoader.php(571): include('C:\\\\laragon\\\\www\\\\...')
#3 C:\\laragon\\www\\findhouse\\vendor\\composer\\ClassLoader.php(428): Composer\\Autoload\\includeFile('C:\\\\laragon\\\\www\\\\...')
#4 [internal function]: Composer\\Autoload\\ClassLoader->loadClass('Themes\\\\BC\\\\Theme...')
#5 C:\\laragon\\www\\findhouse\\themes\\ThemeServiceProvider.php(78): class_exists('\\\\Themes\\\\BC\\\\Them...')
#6 C:\\laragon\\www\\findhouse\\vendor\\laravel\\framework\\src\\Illuminate\\Foundation\\Application.php(687): Themes\\ThemeServiceProvider->register()
#7 C:\\laragon\\www\\findhouse\\vendor\\laravel\\framework\\src\\Illuminate\\Foundation\\ProviderRepository.php(75): Illuminate\\Foundation\\Application->register(Object(Themes\\ThemeServiceProvider))
#8 C:\\laragon\\www\\findhouse\\vendor\\laravel\\framework\\src\\Illuminate\\Foundation\\Application.php(664): Illuminate\\Foundation\\ProviderRepository->load(Array)
#9 C:\\laragon\\www\\findhouse\\vendor\\laravel\\framework\\src\\Illuminate\\Foundation\\Bootstrap\\RegisterProviders.php(17): Illuminate\\Foundation\\Application->registerConfiguredProviders()
#10 C:\\laragon\\www\\findhouse\\vendor\\laravel\\framework\\src\\Illuminate\\Foundation\\Application.php(242): Illuminate\\Foundation\\Bootstrap\\RegisterProviders->bootstrap(Object(Illuminate\\Foundation\\Application))
#11 C:\\laragon\\www\\findhouse\\vendor\\laravel\\framework\\src\\Illuminate\\Foundation\\Console\\Kernel.php(383): Illuminate\\Foundation\\Application->bootstrapWith(Array)
#12 C:\\laragon\\www\\findhouse\\vendor\\laravel\\framework\\src\\Illuminate\\Foundation\\Console\\Kernel.php(153): Illuminate\\Foundation\\Console\\Kernel->bootstrap()
#13 Command line code(1): Illuminate\\Foundation\\Console\\Kernel->handle(Object(Symfony\\Component\\Console\\Input\\ArgvInput), Object(Symfony\\Component\\Console\\Output\\ConsoleOutput))
#14 {main}
"} 
[2023-06-13 21:32:31] local.ERROR: include(C:\laragon\www\findhouse\vendor\composer/../../themes/BC/ThemeProvider.php): Failed to open stream: No such file or directory {"exception":"[object] (ErrorException(code: 0): include(C:\\laragon\\www\\findhouse\\vendor\\composer/../../themes/BC/ThemeProvider.php): Failed to open stream: No such file or directory at C:\\laragon\\www\\findhouse\\vendor\\composer\\ClassLoader.php:571)
[stacktrace]
#0 C:\\laragon\\www\\findhouse\\vendor\\laravel\\framework\\src\\Illuminate\\Foundation\\Bootstrap\\HandleExceptions.php(266): Illuminate\\Foundation\\Bootstrap\\HandleExceptions->handleError(2, 'include(C:\\\\lara...', 'C:\\\\laragon\\\\www\\\\...', 571)
#1 C:\\laragon\\www\\findhouse\\vendor\\composer\\ClassLoader.php(571): Illuminate\\Foundation\\Bootstrap\\HandleExceptions->Illuminate\\Foundation\\Bootstrap\\{closure}(2, 'include(C:\\\\lara...', 'C:\\\\laragon\\\\www\\\\...', 571)
#2 C:\\laragon\\www\\findhouse\\vendor\\composer\\ClassLoader.php(571): include('C:\\\\laragon\\\\www\\\\...')
#3 C:\\laragon\\www\\findhouse\\vendor\\composer\\ClassLoader.php(428): Composer\\Autoload\\includeFile('C:\\\\laragon\\\\www\\\\...')
#4 [internal function]: Composer\\Autoload\\ClassLoader->loadClass('Themes\\\\BC\\\\Theme...')
#5 C:\\laragon\\www\\findhouse\\themes\\ThemeServiceProvider.php(78): class_exists('\\\\Themes\\\\BC\\\\Them...')
#6 C:\\laragon\\www\\findhouse\\vendor\\laravel\\framework\\src\\Illuminate\\Foundation\\Application.php(687): Themes\\ThemeServiceProvider->register()
#7 C:\\laragon\\www\\findhouse\\vendor\\laravel\\framework\\src\\Illuminate\\Foundation\\ProviderRepository.php(75): Illuminate\\Foundation\\Application->register(Object(Themes\\ThemeServiceProvider))
#8 C:\\laragon\\www\\findhouse\\vendor\\laravel\\framework\\src\\Illuminate\\Foundation\\Application.php(664): Illuminate\\Foundation\\ProviderRepository->load(Array)
#9 C:\\laragon\\www\\findhouse\\vendor\\laravel\\framework\\src\\Illuminate\\Foundation\\Bootstrap\\RegisterProviders.php(17): Illuminate\\Foundation\\Application->registerConfiguredProviders()
#10 C:\\laragon\\www\\findhouse\\vendor\\laravel\\framework\\src\\Illuminate\\Foundation\\Application.php(242): Illuminate\\Foundation\\Bootstrap\\RegisterProviders->bootstrap(Object(Illuminate\\Foundation\\Application))
#11 C:\\laragon\\www\\findhouse\\vendor\\laravel\\framework\\src\\Illuminate\\Foundation\\Console\\Kernel.php(383): Illuminate\\Foundation\\Application->bootstrapWith(Array)
#12 C:\\laragon\\www\\findhouse\\vendor\\laravel\\framework\\src\\Illuminate\\Foundation\\Console\\Kernel.php(153): Illuminate\\Foundation\\Console\\Kernel->bootstrap()
#13 Command line code(1): Illuminate\\Foundation\\Console\\Kernel->handle(Object(Symfony\\Component\\Console\\Input\\ArgvInput), Object(Symfony\\Component\\Console\\Output\\ConsoleOutput))
#14 {main}
"} 
[2023-06-13 21:32:31] local.ERROR: include(C:\laragon\www\findhouse\vendor\composer/../../themes/BC/ThemeProvider.php): Failed to open stream: No such file or directory {"exception":"[object] (ErrorException(code: 0): include(C:\\laragon\\www\\findhouse\\vendor\\composer/../../themes/BC/ThemeProvider.php): Failed to open stream: No such file or directory at C:\\laragon\\www\\findhouse\\vendor\\composer\\ClassLoader.php:571)
[stacktrace]
#0 C:\\laragon\\www\\findhouse\\vendor\\laravel\\framework\\src\\Illuminate\\Foundation\\Bootstrap\\HandleExceptions.php(266): Illuminate\\Foundation\\Bootstrap\\HandleExceptions->handleError(2, 'include(C:\\\\lara...', 'C:\\\\laragon\\\\www\\\\...', 571)
#1 C:\\laragon\\www\\findhouse\\vendor\\composer\\ClassLoader.php(571): Illuminate\\Foundation\\Bootstrap\\HandleExceptions->Illuminate\\Foundation\\Bootstrap\\{closure}(2, 'include(C:\\\\lara...', 'C:\\\\laragon\\\\www\\\\...', 571)
#2 C:\\laragon\\www\\findhouse\\vendor\\composer\\ClassLoader.php(571): include('C:\\\\laragon\\\\www\\\\...')
#3 C:\\laragon\\www\\findhouse\\vendor\\composer\\ClassLoader.php(428): Composer\\Autoload\\includeFile('C:\\\\laragon\\\\www\\\\...')
#4 [internal function]: Composer\\Autoload\\ClassLoader->loadClass('Themes\\\\BC\\\\Theme...')
#5 C:\\laragon\\www\\findhouse\\themes\\ThemeServiceProvider.php(78): class_exists('\\\\Themes\\\\BC\\\\Them...')
#6 C:\\laragon\\www\\findhouse\\vendor\\laravel\\framework\\src\\Illuminate\\Foundation\\Application.php(687): Themes\\ThemeServiceProvider->register()
#7 C:\\laragon\\www\\findhouse\\vendor\\laravel\\framework\\src\\Illuminate\\Foundation\\ProviderRepository.php(75): Illuminate\\Foundation\\Application->register(Object(Themes\\ThemeServiceProvider))
#8 C:\\laragon\\www\\findhouse\\vendor\\laravel\\framework\\src\\Illuminate\\Foundation\\Application.php(664): Illuminate\\Foundation\\ProviderRepository->load(Array)
#9 C:\\laragon\\www\\findhouse\\vendor\\laravel\\framework\\src\\Illuminate\\Foundation\\Bootstrap\\RegisterProviders.php(17): Illuminate\\Foundation\\Application->registerConfiguredProviders()
#10 C:\\laragon\\www\\findhouse\\vendor\\laravel\\framework\\src\\Illuminate\\Foundation\\Application.php(242): Illuminate\\Foundation\\Bootstrap\\RegisterProviders->bootstrap(Object(Illuminate\\Foundation\\Application))
#11 C:\\laragon\\www\\findhouse\\vendor\\laravel\\framework\\src\\Illuminate\\Foundation\\Console\\Kernel.php(383): Illuminate\\Foundation\\Application->bootstrapWith(Array)
#12 C:\\laragon\\www\\findhouse\\vendor\\laravel\\framework\\src\\Illuminate\\Foundation\\Console\\Kernel.php(153): Illuminate\\Foundation\\Console\\Kernel->bootstrap()
#13 Command line code(1): Illuminate\\Foundation\\Console\\Kernel->handle(Object(Symfony\\Component\\Console\\Input\\ArgvInput), Object(Symfony\\Component\\Console\\Output\\ConsoleOutput))
#14 {main}
"} 
[2023-06-13 21:32:32] local.ERROR: Uncaught ReflectionException: Class "translator" does not exist in C:\laragon\www\findhouse\vendor\laravel\framework\src\Illuminate\Container\Container.php:889
Stack trace:
#0 C:\laragon\www\findhouse\vendor\laravel\framework\src\Illuminate\Container\Container.php(889): ReflectionClass->__construct('translator')
#1 C:\laragon\www\findhouse\vendor\laravel\framework\src\Illuminate\Container\Container.php(770): Illuminate\Container\Container->build('translator')
#2 C:\laragon\www\findhouse\vendor\laravel\framework\src\Illuminate\Foundation\Application.php(856): Illuminate\Container\Container->resolve('translator', Array, true)
#3 C:\laragon\www\findhouse\vendor\laravel\framework\src\Illuminate\Container\Container.php(706): Illuminate\Foundation\Application->resolve('translator', Array)
#4 C:\laragon\www\findhouse\vendor\laravel\framework\src\Illuminate\Foundation\Application.php(841): Illuminate\Container\Container->make('translator', Array)
#5 C:\laragon\www\findhouse\vendor\laravel\framework\src\Illuminate\Foundation\helpers.php(120): Illuminate\Foundation\Application->make('translator', Array)
#6 Command line code(1): app('translator')
#7 {main}

Next Illuminate\Contracts\Container\BindingResolutionException: Target class [translator] does not exist. in C:\laragon\www\findhouse\vendor\laravel\framework\src\Illuminate\Container\Container.php:891
Stack trace:
#0 C:\laragon\www\findhouse\vendor\laravel\framework\src\Illuminate\Container\Container.php(770): Illuminate\Container\Container->build('translator')
#1 C:\laragon\www\findhouse\vendor\laravel\framework\src\Illuminate\Foundation\Application.php(856): Illuminate\Container\Container->resolve('translator', Array, true)
#2 C:\laragon\www\findhouse\vendor\laravel\framework\src\Illuminate\Container\Container.php(706): Illuminate\Foundation\Application->resolve('translator', Array)
#3 C:\laragon\www\findhouse\vendor\laravel\framework\src\Illuminate\Foundation\Application.php(841): Illuminate\Container\Container->make('translator', Array)
#4 C:\laragon\www\findhouse\vendor\laravel\framework\src\Illuminate\Foundation\helpers.php(120): Illuminate\Foundation\Application->make('translator', Array)
#5 Command line code(1): app('translator')
#6 {main}
  thrown {"exception":"[object] (Symfony\\Component\\ErrorHandler\\Error\\FatalError(code: 0): Uncaught ReflectionException: Class \"translator\" does not exist in C:\\laragon\\www\\findhouse\\vendor\\laravel\\framework\\src\\Illuminate\\Container\\Container.php:889
Stack trace:
#0 C:\\laragon\\www\\findhouse\\vendor\\laravel\\framework\\src\\Illuminate\\Container\\Container.php(889): ReflectionClass->__construct('translator')
#1 C:\\laragon\\www\\findhouse\\vendor\\laravel\\framework\\src\\Illuminate\\Container\\Container.php(770): Illuminate\\Container\\Container->build('translator')
#2 C:\\laragon\\www\\findhouse\\vendor\\laravel\\framework\\src\\Illuminate\\Foundation\\Application.php(856): Illuminate\\Container\\Container->resolve('translator', Array, true)
#3 C:\\laragon\\www\\findhouse\\vendor\\laravel\\framework\\src\\Illuminate\\Container\\Container.php(706): Illuminate\\Foundation\\Application->resolve('translator', Array)
#4 C:\\laragon\\www\\findhouse\\vendor\\laravel\\framework\\src\\Illuminate\\Foundation\\Application.php(841): Illuminate\\Container\\Container->make('translator', Array)
#5 C:\\laragon\\www\\findhouse\\vendor\\laravel\\framework\\src\\Illuminate\\Foundation\\helpers.php(120): Illuminate\\Foundation\\Application->make('translator', Array)
#6 Command line code(1): app('translator')
#7 {main}

Next Illuminate\\Contracts\\Container\\BindingResolutionException: Target class [translator] does not exist. in C:\\laragon\\www\\findhouse\\vendor\\laravel\\framework\\src\\Illuminate\\Container\\Container.php:891
Stack trace:
#0 C:\\laragon\\www\\findhouse\\vendor\\laravel\\framework\\src\\Illuminate\\Container\\Container.php(770): Illuminate\\Container\\Container->build('translator')
#1 C:\\laragon\\www\\findhouse\\vendor\\laravel\\framework\\src\\Illuminate\\Foundation\\Application.php(856): Illuminate\\Container\\Container->resolve('translator', Array, true)
#2 C:\\laragon\\www\\findhouse\\vendor\\laravel\\framework\\src\\Illuminate\\Container\\Container.php(706): Illuminate\\Foundation\\Application->resolve('translator', Array)
#3 C:\\laragon\\www\\findhouse\\vendor\\laravel\\framework\\src\\Illuminate\\Foundation\\Application.php(841): Illuminate\\Container\\Container->make('translator', Array)
#4 C:\\laragon\\www\\findhouse\\vendor\\laravel\\framework\\src\\Illuminate\\Foundation\\helpers.php(120): Illuminate\\Foundation\\Application->make('translator', Array)
#5 Command line code(1): app('translator')
#6 {main}
  thrown at C:\\laragon\\www\\findhouse\\vendor\\laravel\\framework\\src\\Illuminate\\Container\\Container.php:891)
[stacktrace]
#0 {main}
"} 
[2023-06-13 21:32:33] local.ERROR: include(C:\laragon\www\findhouse\vendor\composer/../../themes/BC/ThemeProvider.php): Failed to open stream: No such file or directory {"exception":"[object] (ErrorException(code: 0): include(C:\\laragon\\www\\findhouse\\vendor\\composer/../../themes/BC/ThemeProvider.php): Failed to open stream: No such file or directory at C:\\laragon\\www\\findhouse\\vendor\\composer\\ClassLoader.php:571)
[stacktrace]
#0 C:\\laragon\\www\\findhouse\\vendor\\laravel\\framework\\src\\Illuminate\\Foundation\\Bootstrap\\HandleExceptions.php(266): Illuminate\\Foundation\\Bootstrap\\HandleExceptions->handleError(2, 'include(C:\\\\lara...', 'C:\\\\laragon\\\\www\\\\...', 571)
#1 C:\\laragon\\www\\findhouse\\vendor\\composer\\ClassLoader.php(571): Illuminate\\Foundation\\Bootstrap\\HandleExceptions->Illuminate\\Foundation\\Bootstrap\\{closure}(2, 'include(C:\\\\lara...', 'C:\\\\laragon\\\\www\\\\...', 571)
#2 C:\\laragon\\www\\findhouse\\vendor\\composer\\ClassLoader.php(571): include('C:\\\\laragon\\\\www\\\\...')
#3 C:\\laragon\\www\\findhouse\\vendor\\composer\\ClassLoader.php(428): Composer\\Autoload\\includeFile('C:\\\\laragon\\\\www\\\\...')
#4 [internal function]: Composer\\Autoload\\ClassLoader->loadClass('Themes\\\\BC\\\\Theme...')
#5 C:\\laragon\\www\\findhouse\\themes\\ThemeServiceProvider.php(78): class_exists('\\\\Themes\\\\BC\\\\Them...')
#6 C:\\laragon\\www\\findhouse\\vendor\\laravel\\framework\\src\\Illuminate\\Foundation\\Application.php(687): Themes\\ThemeServiceProvider->register()
#7 C:\\laragon\\www\\findhouse\\vendor\\laravel\\framework\\src\\Illuminate\\Foundation\\ProviderRepository.php(75): Illuminate\\Foundation\\Application->register(Object(Themes\\ThemeServiceProvider))
#8 C:\\laragon\\www\\findhouse\\vendor\\laravel\\framework\\src\\Illuminate\\Foundation\\Application.php(664): Illuminate\\Foundation\\ProviderRepository->load(Array)
#9 C:\\laragon\\www\\findhouse\\vendor\\laravel\\framework\\src\\Illuminate\\Foundation\\Bootstrap\\RegisterProviders.php(17): Illuminate\\Foundation\\Application->registerConfiguredProviders()
#10 C:\\laragon\\www\\findhouse\\vendor\\laravel\\framework\\src\\Illuminate\\Foundation\\Application.php(242): Illuminate\\Foundation\\Bootstrap\\RegisterProviders->bootstrap(Object(Illuminate\\Foundation\\Application))
#11 C:\\laragon\\www\\findhouse\\vendor\\laravel\\framework\\src\\Illuminate\\Foundation\\Console\\Kernel.php(383): Illuminate\\Foundation\\Application->bootstrapWith(Array)
#12 C:\\laragon\\www\\findhouse\\vendor\\laravel\\framework\\src\\Illuminate\\Foundation\\Console\\Kernel.php(153): Illuminate\\Foundation\\Console\\Kernel->bootstrap()
#13 Command line code(1): Illuminate\\Foundation\\Console\\Kernel->handle(Object(Symfony\\Component\\Console\\Input\\ArgvInput), Object(Symfony\\Component\\Console\\Output\\ConsoleOutput))
#14 {main}
"} 
[2023-06-13 21:32:33] local.ERROR: include(C:\laragon\www\findhouse\vendor\composer/../../themes/BC/ThemeProvider.php): Failed to open stream: No such file or directory {"exception":"[object] (ErrorException(code: 0): include(C:\\laragon\\www\\findhouse\\vendor\\composer/../../themes/BC/ThemeProvider.php): Failed to open stream: No such file or directory at C:\\laragon\\www\\findhouse\\vendor\\composer\\ClassLoader.php:571)
[stacktrace]
#0 C:\\laragon\\www\\findhouse\\vendor\\laravel\\framework\\src\\Illuminate\\Foundation\\Bootstrap\\HandleExceptions.php(266): Illuminate\\Foundation\\Bootstrap\\HandleExceptions->handleError(2, 'include(C:\\\\lara...', 'C:\\\\laragon\\\\www\\\\...', 571)
#1 C:\\laragon\\www\\findhouse\\vendor\\composer\\ClassLoader.php(571): Illuminate\\Foundation\\Bootstrap\\HandleExceptions->Illuminate\\Foundation\\Bootstrap\\{closure}(2, 'include(C:\\\\lara...', 'C:\\\\laragon\\\\www\\\\...', 571)
#2 C:\\laragon\\www\\findhouse\\vendor\\composer\\ClassLoader.php(571): include('C:\\\\laragon\\\\www\\\\...')
#3 C:\\laragon\\www\\findhouse\\vendor\\composer\\ClassLoader.php(428): Composer\\Autoload\\includeFile('C:\\\\laragon\\\\www\\\\...')
#4 [internal function]: Composer\\Autoload\\ClassLoader->loadClass('Themes\\\\BC\\\\Theme...')
#5 C:\\laragon\\www\\findhouse\\themes\\ThemeServiceProvider.php(78): class_exists('\\\\Themes\\\\BC\\\\Them...')
#6 C:\\laragon\\www\\findhouse\\vendor\\laravel\\framework\\src\\Illuminate\\Foundation\\Application.php(687): Themes\\ThemeServiceProvider->register()
#7 C:\\laragon\\www\\findhouse\\vendor\\laravel\\framework\\src\\Illuminate\\Foundation\\ProviderRepository.php(75): Illuminate\\Foundation\\Application->register(Object(Themes\\ThemeServiceProvider))
#8 C:\\laragon\\www\\findhouse\\vendor\\laravel\\framework\\src\\Illuminate\\Foundation\\Application.php(664): Illuminate\\Foundation\\ProviderRepository->load(Array)
#9 C:\\laragon\\www\\findhouse\\vendor\\laravel\\framework\\src\\Illuminate\\Foundation\\Bootstrap\\RegisterProviders.php(17): Illuminate\\Foundation\\Application->registerConfiguredProviders()
#10 C:\\laragon\\www\\findhouse\\vendor\\laravel\\framework\\src\\Illuminate\\Foundation\\Application.php(242): Illuminate\\Foundation\\Bootstrap\\RegisterProviders->bootstrap(Object(Illuminate\\Foundation\\Application))
#11 C:\\laragon\\www\\findhouse\\vendor\\laravel\\framework\\src\\Illuminate\\Foundation\\Console\\Kernel.php(383): Illuminate\\Foundation\\Application->bootstrapWith(Array)
#12 C:\\laragon\\www\\findhouse\\vendor\\laravel\\framework\\src\\Illuminate\\Foundation\\Console\\Kernel.php(153): Illuminate\\Foundation\\Console\\Kernel->bootstrap()
#13 Command line code(1): Illuminate\\Foundation\\Console\\Kernel->handle(Object(Symfony\\Component\\Console\\Input\\ArgvInput), Object(Symfony\\Component\\Console\\Output\\ConsoleOutput))
#14 {main}
"} 
[2023-06-13 21:32:41] local.ERROR: include(C:\laragon\www\findhouse\vendor\composer/../../themes/BC/ThemeProvider.php): Failed to open stream: No such file or directory {"exception":"[object] (ErrorException(code: 0): include(C:\\laragon\\www\\findhouse\\vendor\\composer/../../themes/BC/ThemeProvider.php): Failed to open stream: No such file or directory at C:\\laragon\\www\\findhouse\\vendor\\composer\\ClassLoader.php:571)
[stacktrace]
#0 C:\\laragon\\www\\findhouse\\vendor\\laravel\\framework\\src\\Illuminate\\Foundation\\Bootstrap\\HandleExceptions.php(266): Illuminate\\Foundation\\Bootstrap\\HandleExceptions->handleError(2, 'include(C:\\\\lara...', 'C:\\\\laragon\\\\www\\\\...', 571)
#1 C:\\laragon\\www\\findhouse\\vendor\\composer\\ClassLoader.php(571): Illuminate\\Foundation\\Bootstrap\\HandleExceptions->Illuminate\\Foundation\\Bootstrap\\{closure}(2, 'include(C:\\\\lara...', 'C:\\\\laragon\\\\www\\\\...', 571)
#2 C:\\laragon\\www\\findhouse\\vendor\\composer\\ClassLoader.php(571): include('C:\\\\laragon\\\\www\\\\...')
#3 C:\\laragon\\www\\findhouse\\vendor\\composer\\ClassLoader.php(428): Composer\\Autoload\\includeFile('C:\\\\laragon\\\\www\\\\...')
#4 [internal function]: Composer\\Autoload\\ClassLoader->loadClass('Themes\\\\BC\\\\Theme...')
#5 C:\\laragon\\www\\findhouse\\themes\\ThemeServiceProvider.php(78): class_exists('\\\\Themes\\\\BC\\\\Them...')
#6 C:\\laragon\\www\\findhouse\\vendor\\laravel\\framework\\src\\Illuminate\\Foundation\\Application.php(687): Themes\\ThemeServiceProvider->register()
#7 C:\\laragon\\www\\findhouse\\vendor\\laravel\\framework\\src\\Illuminate\\Foundation\\ProviderRepository.php(75): Illuminate\\Foundation\\Application->register(Object(Themes\\ThemeServiceProvider))
#8 C:\\laragon\\www\\findhouse\\vendor\\laravel\\framework\\src\\Illuminate\\Foundation\\Application.php(664): Illuminate\\Foundation\\ProviderRepository->load(Array)
#9 C:\\laragon\\www\\findhouse\\vendor\\laravel\\framework\\src\\Illuminate\\Foundation\\Bootstrap\\RegisterProviders.php(17): Illuminate\\Foundation\\Application->registerConfiguredProviders()
#10 C:\\laragon\\www\\findhouse\\vendor\\laravel\\framework\\src\\Illuminate\\Foundation\\Application.php(242): Illuminate\\Foundation\\Bootstrap\\RegisterProviders->bootstrap(Object(Illuminate\\Foundation\\Application))
#11 C:\\laragon\\www\\findhouse\\vendor\\laravel\\framework\\src\\Illuminate\\Foundation\\Console\\Kernel.php(383): Illuminate\\Foundation\\Application->bootstrapWith(Array)
#12 C:\\laragon\\www\\findhouse\\vendor\\laravel\\framework\\src\\Illuminate\\Foundation\\Console\\Kernel.php(153): Illuminate\\Foundation\\Console\\Kernel->bootstrap()
#13 Command line code(1): Illuminate\\Foundation\\Console\\Kernel->handle(Object(Symfony\\Component\\Console\\Input\\ArgvInput), Object(Symfony\\Component\\Console\\Output\\ConsoleOutput))
#14 {main}
"} 
[2023-06-13 21:32:51] local.ERROR: include(C:\laragon\www\findhouse\vendor\composer/../../themes/BC/ThemeProvider.php): Failed to open stream: No such file or directory {"exception":"[object] (ErrorException(code: 0): include(C:\\laragon\\www\\findhouse\\vendor\\composer/../../themes/BC/ThemeProvider.php): Failed to open stream: No such file or directory at C:\\laragon\\www\\findhouse\\vendor\\composer\\ClassLoader.php:571)
[stacktrace]
#0 C:\\laragon\\www\\findhouse\\vendor\\laravel\\framework\\src\\Illuminate\\Foundation\\Bootstrap\\HandleExceptions.php(266): Illuminate\\Foundation\\Bootstrap\\HandleExceptions->handleError(2, 'include(C:\\\\lara...', 'C:\\\\laragon\\\\www\\\\...', 571)
#1 C:\\laragon\\www\\findhouse\\vendor\\composer\\ClassLoader.php(571): Illuminate\\Foundation\\Bootstrap\\HandleExceptions->Illuminate\\Foundation\\Bootstrap\\{closure}(2, 'include(C:\\\\lara...', 'C:\\\\laragon\\\\www\\\\...', 571)
#2 C:\\laragon\\www\\findhouse\\vendor\\composer\\ClassLoader.php(571): include('C:\\\\laragon\\\\www\\\\...')
#3 C:\\laragon\\www\\findhouse\\vendor\\composer\\ClassLoader.php(428): Composer\\Autoload\\includeFile('C:\\\\laragon\\\\www\\\\...')
#4 [internal function]: Composer\\Autoload\\ClassLoader->loadClass('Themes\\\\BC\\\\Theme...')
#5 C:\\laragon\\www\\findhouse\\themes\\ThemeServiceProvider.php(78): class_exists('\\\\Themes\\\\BC\\\\Them...')
#6 C:\\laragon\\www\\findhouse\\vendor\\laravel\\framework\\src\\Illuminate\\Foundation\\Application.php(687): Themes\\ThemeServiceProvider->register()
#7 C:\\laragon\\www\\findhouse\\vendor\\laravel\\framework\\src\\Illuminate\\Foundation\\ProviderRepository.php(75): Illuminate\\Foundation\\Application->register(Object(Themes\\ThemeServiceProvider))
#8 C:\\laragon\\www\\findhouse\\vendor\\laravel\\framework\\src\\Illuminate\\Foundation\\Application.php(664): Illuminate\\Foundation\\ProviderRepository->load(Array)
#9 C:\\laragon\\www\\findhouse\\vendor\\laravel\\framework\\src\\Illuminate\\Foundation\\Bootstrap\\RegisterProviders.php(17): Illuminate\\Foundation\\Application->registerConfiguredProviders()
#10 C:\\laragon\\www\\findhouse\\vendor\\laravel\\framework\\src\\Illuminate\\Foundation\\Application.php(242): Illuminate\\Foundation\\Bootstrap\\RegisterProviders->bootstrap(Object(Illuminate\\Foundation\\Application))
#11 C:\\laragon\\www\\findhouse\\vendor\\laravel\\framework\\src\\Illuminate\\Foundation\\Console\\Kernel.php(383): Illuminate\\Foundation\\Application->bootstrapWith(Array)
#12 C:\\laragon\\www\\findhouse\\vendor\\laravel\\framework\\src\\Illuminate\\Foundation\\Console\\Kernel.php(153): Illuminate\\Foundation\\Console\\Kernel->bootstrap()
#13 Command line code(1): Illuminate\\Foundation\\Console\\Kernel->handle(Object(Symfony\\Component\\Console\\Input\\ArgvInput), Object(Symfony\\Component\\Console\\Output\\ConsoleOutput))
#14 {main}
"} 
[2023-06-13 21:33:50] local.ERROR: include(C:\laragon\www\findhouse\vendor\composer/../../themes/BC/ThemeProvider.php): Failed to open stream: No such file or directory {"exception":"[object] (ErrorException(code: 0): include(C:\\laragon\\www\\findhouse\\vendor\\composer/../../themes/BC/ThemeProvider.php): Failed to open stream: No such file or directory at C:\\laragon\\www\\findhouse\\vendor\\composer\\ClassLoader.php:571)
[stacktrace]
#0 C:\\laragon\\www\\findhouse\\vendor\\laravel\\framework\\src\\Illuminate\\Foundation\\Bootstrap\\HandleExceptions.php(266): Illuminate\\Foundation\\Bootstrap\\HandleExceptions->handleError(2, 'include(C:\\\\lara...', 'C:\\\\laragon\\\\www\\\\...', 571)
#1 C:\\laragon\\www\\findhouse\\vendor\\composer\\ClassLoader.php(571): Illuminate\\Foundation\\Bootstrap\\HandleExceptions->Illuminate\\Foundation\\Bootstrap\\{closure}(2, 'include(C:\\\\lara...', 'C:\\\\laragon\\\\www\\\\...', 571)
#2 C:\\laragon\\www\\findhouse\\vendor\\composer\\ClassLoader.php(571): include('C:\\\\laragon\\\\www\\\\...')
#3 C:\\laragon\\www\\findhouse\\vendor\\composer\\ClassLoader.php(428): Composer\\Autoload\\includeFile('C:\\\\laragon\\\\www\\\\...')
#4 [internal function]: Composer\\Autoload\\ClassLoader->loadClass('Themes\\\\BC\\\\Theme...')
#5 C:\\laragon\\www\\findhouse\\themes\\ThemeServiceProvider.php(78): class_exists('\\\\Themes\\\\BC\\\\Them...')
#6 C:\\laragon\\www\\findhouse\\vendor\\laravel\\framework\\src\\Illuminate\\Foundation\\Application.php(687): Themes\\ThemeServiceProvider->register()
#7 C:\\laragon\\www\\findhouse\\vendor\\laravel\\framework\\src\\Illuminate\\Foundation\\ProviderRepository.php(75): Illuminate\\Foundation\\Application->register(Object(Themes\\ThemeServiceProvider))
#8 C:\\laragon\\www\\findhouse\\vendor\\laravel\\framework\\src\\Illuminate\\Foundation\\Application.php(664): Illuminate\\Foundation\\ProviderRepository->load(Array)
#9 C:\\laragon\\www\\findhouse\\vendor\\laravel\\framework\\src\\Illuminate\\Foundation\\Bootstrap\\RegisterProviders.php(17): Illuminate\\Foundation\\Application->registerConfiguredProviders()
#10 C:\\laragon\\www\\findhouse\\vendor\\laravel\\framework\\src\\Illuminate\\Foundation\\Application.php(242): Illuminate\\Foundation\\Bootstrap\\RegisterProviders->bootstrap(Object(Illuminate\\Foundation\\Application))
#11 C:\\laragon\\www\\findhouse\\vendor\\laravel\\framework\\src\\Illuminate\\Foundation\\Console\\Kernel.php(383): Illuminate\\Foundation\\Application->bootstrapWith(Array)
#12 C:\\laragon\\www\\findhouse\\vendor\\laravel\\framework\\src\\Illuminate\\Foundation\\Console\\Kernel.php(153): Illuminate\\Foundation\\Console\\Kernel->bootstrap()
#13 Command line code(1): Illuminate\\Foundation\\Console\\Kernel->handle(Object(Symfony\\Component\\Console\\Input\\ArgvInput), Object(Symfony\\Component\\Console\\Output\\ConsoleOutput))
#14 {main}
"} 
[2023-06-13 21:33:50] local.ERROR: include(C:\laragon\www\findhouse\vendor\composer/../../themes/BC/ThemeProvider.php): Failed to open stream: No such file or directory {"exception":"[object] (ErrorException(code: 0): include(C:\\laragon\\www\\findhouse\\vendor\\composer/../../themes/BC/ThemeProvider.php): Failed to open stream: No such file or directory at C:\\laragon\\www\\findhouse\\vendor\\composer\\ClassLoader.php:571)
[stacktrace]
#0 C:\\laragon\\www\\findhouse\\vendor\\laravel\\framework\\src\\Illuminate\\Foundation\\Bootstrap\\HandleExceptions.php(266): Illuminate\\Foundation\\Bootstrap\\HandleExceptions->handleError(2, 'include(C:\\\\lara...', 'C:\\\\laragon\\\\www\\\\...', 571)
#1 C:\\laragon\\www\\findhouse\\vendor\\composer\\ClassLoader.php(571): Illuminate\\Foundation\\Bootstrap\\HandleExceptions->Illuminate\\Foundation\\Bootstrap\\{closure}(2, 'include(C:\\\\lara...', 'C:\\\\laragon\\\\www\\\\...', 571)
#2 C:\\laragon\\www\\findhouse\\vendor\\composer\\ClassLoader.php(571): include('C:\\\\laragon\\\\www\\\\...')
#3 C:\\laragon\\www\\findhouse\\vendor\\composer\\ClassLoader.php(428): Composer\\Autoload\\includeFile('C:\\\\laragon\\\\www\\\\...')
#4 [internal function]: Composer\\Autoload\\ClassLoader->loadClass('Themes\\\\BC\\\\Theme...')
#5 C:\\laragon\\www\\findhouse\\themes\\ThemeServiceProvider.php(78): class_exists('\\\\Themes\\\\BC\\\\Them...')
#6 C:\\laragon\\www\\findhouse\\vendor\\laravel\\framework\\src\\Illuminate\\Foundation\\Application.php(687): Themes\\ThemeServiceProvider->register()
#7 C:\\laragon\\www\\findhouse\\vendor\\laravel\\framework\\src\\Illuminate\\Foundation\\ProviderRepository.php(75): Illuminate\\Foundation\\Application->register(Object(Themes\\ThemeServiceProvider))
#8 C:\\laragon\\www\\findhouse\\vendor\\laravel\\framework\\src\\Illuminate\\Foundation\\Application.php(664): Illuminate\\Foundation\\ProviderRepository->load(Array)
#9 C:\\laragon\\www\\findhouse\\vendor\\laravel\\framework\\src\\Illuminate\\Foundation\\Bootstrap\\RegisterProviders.php(17): Illuminate\\Foundation\\Application->registerConfiguredProviders()
#10 C:\\laragon\\www\\findhouse\\vendor\\laravel\\framework\\src\\Illuminate\\Foundation\\Application.php(242): Illuminate\\Foundation\\Bootstrap\\RegisterProviders->bootstrap(Object(Illuminate\\Foundation\\Application))
#11 C:\\laragon\\www\\findhouse\\vendor\\laravel\\framework\\src\\Illuminate\\Foundation\\Console\\Kernel.php(383): Illuminate\\Foundation\\Application->bootstrapWith(Array)
#12 C:\\laragon\\www\\findhouse\\vendor\\laravel\\framework\\src\\Illuminate\\Foundation\\Console\\Kernel.php(153): Illuminate\\Foundation\\Console\\Kernel->bootstrap()
#13 Command line code(1): Illuminate\\Foundation\\Console\\Kernel->handle(Object(Symfony\\Component\\Console\\Input\\ArgvInput), Object(Symfony\\Component\\Console\\Output\\ConsoleOutput))
#14 {main}
"} 
